Loading compilers/armclang/24.04
  Loading requirement: binutils/13.2.0 acfl/24.04
Trying to achieve equal edge distribution across processes.

-------------------------------------------------------
Graph edge distribution characteristics
-------------------------------------------------------
Number of vertices: 3997962
Number of edges: 69362378
Maximum number of edges: 17340690
Average number of edges: 1.73406e+07
Expected value of X^2: 3.00696e+14
Variance: 7241.25
Standard deviation: 85.0955
-------------------------------------------------------
Time to read input file and create distributed graph (in s): 0.154626
-------------------------------------------------------
File: /home/efarrell/UKSCC/ukscc-team-4/MiniVite/build/miniVite/com-LiveJournal.bin
-------------------------------------------------------
-------------------------------------------------------
64-bit datatype
-------------------------------------------------------
Average total time (in s), #Processes: 39.8533, 4
Modularity, #Iterations: 0.548241, 13
MODS (final modularity * average time): 21.8492
-------------------------------------------------------
