Charm++> Running on MPI version: 3.1
Charm++> level of thread support used: MPI_THREAD_SINGLE (desired: MPI_THREAD_SINGLE)
Charm++> Running in non-SMP mode: 32 processes (PEs)
Charm++> Using recursive bisection (scheme 3) for topology aware partitions
Converse/Charm++ Commit ID: v70000
Isomalloc> Synchronized global address space.
CharmLB> Load balancer assumes all CPUs are same.
Charm++> Running on 2 hosts (1 sockets x 16 cores x 1 PUs = 16-way SMP)
Charm++> cpu topology info is gathered in 0.001 seconds.
Info: NAMD 3.0b6 for Linux-ARM64-MPI
Info: 
Info: Please visit http://www.ks.uiuc.edu/Research/namd/
Info: for updates, documentation, and support information.
Info: 
Info: Please cite Phillips et al., J. Chem. Phys. 153:044130 (2020) doi:10.1063/5.0014475
Info: in all publications reporting results obtained with NAMD.
Info: 
Info: Based on Charm++/Converse 70000 for mpi-linux-arm8
Info: Built Thu May 2 22:58:22 UTC 2024 by ogooberman on login
Info: 1 NAMD  3.0b6  Linux-ARM64-MPI  32    cn01  ogooberman
Info: Running on 32 processors, 32 nodes, 2 physical nodes.
Info: CPU topology information available.
Info: Charm++/Converse parallel runtime startup completed at 0.00422762 s
Info: 358.211 MB of memory in use based on /proc/self/stat
Info: Configuration file is /home/ogooberman/build/stmv/stmv.namd
Info: Changed directory to /home/ogooberman/build/stmv
TCL: Suspending until startup complete.
Warning: The Langevin gamma parameters differ over the particles,
Warning: requiring extra work per step to constrain rigid bonds.
Info: SIMULATION PARAMETERS:
Info: TIMESTEP               1
Info: NUMBER OF STEPS        500
Info: STEPS PER CYCLE        20
Info: PERIODIC CELL BASIS 1  216.832 0 0
Info: PERIODIC CELL BASIS 2  0 216.832 0
Info: PERIODIC CELL BASIS 3  0 0 216.832
Info: PERIODIC CELL CENTER   0 0 0
Info: LOAD BALANCER  Centralized
Info: LOAD BALANCING STRATEGY  New Load Balancers -- DEFAULT
Info: LDB PERIOD             4000 steps
Info: FIRST LDB TIMESTEP     100
Info: LAST LDB TIMESTEP     -1
Info: LDB BACKGROUND SCALING 1
Info: HOM BACKGROUND SCALING 1
Info: PME BACKGROUND SCALING 1
Info: MIN ATOMS PER PATCH    40
Info: EMPTY PATCH LOAD       40 ATOMS
Info: INITIAL TEMPERATURE    298
Info: CENTER OF MASS MOVING INITIALLY? NO
Info: DIELECTRIC             1
Info: EXCLUDE                SCALED ONE-FOUR
Info: 1-4 ELECTROSTATICS SCALED BY 1
Info: MODIFIED 1-4 VDW PARAMETERS WILL BE USED
Info: NO DCD TRAJECTORY OUTPUT
Info: NO EXTENDED SYSTEM TRAJECTORY OUTPUT
Info: NO VELOCITY DCD OUTPUT
Info: NO FORCE DCD OUTPUT
Info: OUTPUT FILENAME        /home/ogooberman/ukscc-team-4/NAMD/outputs/2-node-run
Info: BINARY OUTPUT FILES WILL BE USED
Info: NO RESTART FILE
Info: SWITCHING ACTIVE
Info: SWITCHING ON           10
Info: SWITCHING OFF          12
Info: PAIRLIST DISTANCE      13.5
Info: PAIRLIST SHRINK RATE   0.01
Info: PAIRLIST GROW RATE     0.01
Info: PAIRLIST TRIGGER       0.3
Info: PAIRLISTS PER CYCLE    2
Info: PAIRLISTS ENABLED
Info: MARGIN                 0.48
Info: HYDROGEN GROUP CUTOFF  2.5
Info: PATCH DIMENSION        16.48
Info: ENERGY OUTPUT STEPS    20
Info: ENERGY EVALUATION STEPS    20
Info: OUTPUT ENERGY PRECISION 4
Info: OUPUT ENERGY PRECISION 4
Info: CROSSTERM ENERGY INCLUDED IN DIHEDRAL
Info: TIMING OUTPUT STEPS    20
Info: LANGEVIN DYNAMICS ACTIVE
Info: LANGEVIN TEMPERATURE   298
Info: LANGEVIN USING BBK INTEGRATOR
Info: LANGEVIN DAMPING COEFFICIENT IS 5 INVERSE PS
Info: LANGEVIN DYNAMICS NOT APPLIED TO HYDROGENS
Info: LANGEVIN PISTON PRESSURE CONTROL ACTIVE
Info:        TARGET PRESSURE IS 1.01325 BAR
Info:     OSCILLATION PERIOD IS 100 FS
Info:             DECAY TIME IS 50 FS
Info:     PISTON TEMPERATURE IS 298 K
Info:       PRESSURE CONTROL IS GROUP-BASED
Info:    INITIAL STRAIN RATE IS 0 0 0
Info:       CELL FLUCTUATION IS ISOTROPIC
Info: PARTICLE MESH EWALD (PME) ACTIVE
Info: PME TOLERANCE               1e-06
Info: PME EWALD COEFFICIENT       0.257952
Info: PME INTERPOLATION ORDER     4
Info: PME GRID DIMENSIONS         216 216 216
Info: PME MAXIMUM GRID SPACING    1.5
Info: Attempting to read FFTW data from system
Info: Attempting to read FFTW data from FFTW_NAMD_3.0b6_Linux-ARM64-MPI_FFTW3.txt
Info: Optimizing 6 FFT steps.  1... 2... 3... 4... 5... 6...   Done.
Info: Writing FFTW data to FFTW_NAMD_3.0b6_Linux-ARM64-MPI_FFTW3.txt
Info: FULL ELECTROSTATIC EVALUATION FREQUENCY      4
Info: USING VERLET I (r-RESPA) MTS SCHEME.
Info: C1 SPLITTING OF LONG RANGE ELECTROSTATICS
Info: PLACING ATOMS IN PATCHES BY HYDROGEN GROUPS
Info: RANDOM NUMBER SEED     1714691264
Info: USE HYDROGEN BONDS?    NO
Info: COORDINATE PDB         stmv.pdb
Info: STRUCTURE FILE         stmv.psf
Info: PARAMETER file: CHARMM format! 
Info: PARAMETERS             par_all27_prot_na.inp
Info: USING ARITHMETIC MEAN TO COMBINE L-J SIGMA PARAMETERS
Info: SUMMARY OF PARAMETERS:
Info: 250 BONDS
Info: 622 ANGLES
Info: 1049 DIHEDRAL
Info: 73 IMPROPER
Info: 0 CROSSTERM
Info: 130 VDW
Info: 0 VDW_PAIRS
Info: 0 NBTHOLE_PAIRS
Info: TIME FOR READING PSF FILE: 6.31531
Info: Reading pdb file stmv.pdb
Info: TIME FOR READING PDB FILE: 1.08299
Info: 
Info: ****************************
Info: STRUCTURE SUMMARY:
Info: 1066628 ATOMS
Info: 769956 BONDS
Info: 605872 ANGLES
Info: 450875 DIHEDRALS
Info: 24578 IMPROPERS
Info: 0 CROSSTERMS
Info: 0 EXCLUSIONS
Info: 3199884 DEGREES OF FREEDOM
Info: 389067 HYDROGEN GROUPS
Info: 4 ATOMS IN LARGEST HYDROGEN GROUP
Info: 389067 MIGRATION GROUPS
Info: 4 ATOMS IN LARGEST MIGRATION GROUP
Info: TOTAL MASS = 6.69877e+06 amu
Info: TOTAL CHARGE = 0.000168104 e
Info: MASS DENSITY = 1.09115 g/cm^3
Info: ATOM DENSITY = 0.104627 atoms/A^3
Info: *****************************
Info: 
Info: Entering startup at 7.44267 s, 0.0737591 MB of memory in use
Info: Startup phase 0 took 0.00100823 s, 0.0737591 MB of memory in use
Info: ADDED 1810196 IMPLICIT EXCLUSIONS
Info: Startup phase 1 took 0.861502 s, 0.0737591 MB of memory in use
Info: NONBONDED TABLE R-SQUARED SPACING: 0.0625
Info: NONBONDED TABLE SIZE: 769 POINTS
Info: ABSOLUTE IMPRECISION IN FAST TABLE FORCE: 2.64698e-23 AT 11.9138
Info: RELATIVE IMPRECISION IN FAST TABLE FORCE: 1.40436e-16 AT 11.9138
Info: INCONSISTENCY IN FAST TABLE ENERGY VS FORCE: 0.000325096 AT 11.9556
Info: ABSOLUTE IMPRECISION IN SCOR TABLE FORCE: 4.10282e-22 AT 11.9138
Info: RELATIVE IMPRECISION IN SCOR TABLE FORCE: 3.56912e-15 AT 11.9138
Info: INCONSISTENCY IN SCOR TABLE ENERGY VS FORCE: 0.000324844 AT 11.9556
Info: ABSOLUTE IMPRECISION IN VDWA TABLE ENERGY: 9.86076e-32 AT 11.8295
Info: RELATIVE IMPRECISION IN VDWA TABLE ENERGY: 6.75473e-14 AT 11.9138
Info: ABSOLUTE IMPRECISION IN VDWA TABLE FORCE: 4.62223e-32 AT 11.9138
Info: RELATIVE IMPRECISION IN VDWA TABLE FORCE: 2.12237e-15 AT 11.9138
Info: INCONSISTENCY IN VDWA TABLE ENERGY VS FORCE: 0.0040507 AT 0.251946
Info: ABSOLUTE IMPRECISION IN VDWB TABLE ENERGY: 4.1359e-25 AT 11.8295
Info: RELATIVE IMPRECISION IN VDWB TABLE ENERGY: 7.56853e-15 AT 11.9138
Info: ABSOLUTE IMPRECISION IN VDWB TABLE FORCE: 3.87741e-26 AT 11.9138
Info: RELATIVE IMPRECISION IN VDWB TABLE FORCE: 5.97409e-16 AT 11.9138
Info: INCONSISTENCY IN VDWB TABLE ENERGY VS FORCE: 0.00150189 AT 0.251946
Info: Startup phase 2 took 0.00195389 s, 0.0737591 MB of memory in use
Info: Startup phase 3 took 0.0008161 s, 0.0737591 MB of memory in use
Info: Startup phase 4 took 0.0027196 s, 0.0737591 MB of memory in use
Info: Startup phase 5 took 0.000813929 s, 0.0737591 MB of memory in use
Info: PATCH GRID IS 13 (PERIODIC) BY 13 (PERIODIC) BY 13 (PERIODIC)
Info: PATCH GRID IS 1-AWAY BY 1-AWAY BY 1-AWAY
Info: REMOVING COM VELOCITY -0.00391818 0.000637507 0.00244632
Info: LARGEST PATCH (1044) HAS 541 ATOMS
Info: TORUS A SIZE 2 USING 0 1
Info: TORUS B SIZE 1 USING 0
Info: TORUS C SIZE 1 USING 0
Info: TORUS MINIMAL MESH SIZE IS 2 BY 1 BY 1
Info: Placed 100% of base nodes on same physical node as patch
Info: Startup phase 6 took 0.20241 s, 0.0737591 MB of memory in use
Info: PME using 31 and 31 processors for FFT and reciprocal sum.
Info: PME GRID LOCATIONS: 1 2 3 4 5 6 7 8 9 10 ...
Info: PME TRANS LOCATIONS: 1 2 3 4 5 6 7 8 9 10 ...
Info: PME USING 31 GRID NODES AND 31 TRANS NODES
Info: Startup phase 7 took 0.0183734 s, 0.0737591 MB of memory in use
Info: Startup phase 8 took 0.000810929 s, 0.0737591 MB of memory in use
Info: Startup phase 9 took 0.153642 s, 0.0737591 MB of memory in use
Info: Startup phase 10 took 0.000859678 s, 0.0737591 MB of memory in use
Info: Startup phase 11 took 0.0385219 s, 0.0737591 MB of memory in use
LDB: Central LB being created...
Info: Startup phase 12 took 0.00272742 s, 0.0737591 MB of memory in use
Info: CREATING 44100 COMPUTE OBJECTS
Info: Startup phase 13 took 0.00503367 s, 0.0737591 MB of memory in use
Info: useSync: 0 useProxySync: 0
Info: Startup phase 14 took 0.000889503 s, 0.0737591 MB of memory in use
Info: Startup phase 15 took 0.00022071 s, 0.0737591 MB of memory in use
Info: Finished startup at 8.73498 s, 0.0737591 MB of memory in use

ETITLE:      TS           BOND          ANGLE          DIHED          IMPRP               ELECT            VDW       BOUNDARY           MISC        KINETIC               TOTAL           TEMP      POTENTIAL         TOTAL3        TEMPAVG            PRESSURE      GPRESSURE         VOLUME       PRESSAVG      GPRESSAVG

ENERGY:       0    354072.1600    280839.0161     81957.9556      4995.4407       -4503168.0871    384266.4685         0.0000         0.0000    947159.2698       -2449877.7765       297.9059  -3397037.0463  -2441238.5515       297.9059           1824.8389       189.9308  10194598.5131      1824.8389       189.9308

LDB: ============= START OF LOAD BALANCING ============== 12.0306
LDB: ============== END OF LOAD BALANCING =============== 12.0311
Info: useSync: 0 useProxySync: 0
LDB: =============== DONE WITH MIGRATION ================ 12.0323
TIMING: 20  CPU: 3.69793, 0.163517/step  Wall: 3.6989, 0.163553/step, 0.0218071 hours remaining, 0.073759 MB of memory in use.
PERFORMANCE: 20  averaging 0.528269 ns/day, 0.163553 sec/step with standard deviation 0
ENERGY:      20    354911.7041    280458.5575     81896.2049      5006.7115       -4504965.0883    383594.8509         0.0000         0.0000    949155.2040       -2449941.8553       298.5337  -3399097.0593  -2441269.9543       298.1147           1707.0101       112.4898  10196802.5211       -18.8323       -19.8345

TIMING: 40  CPU: 6.96666, 0.163437/step  Wall: 6.96806, 0.163458/step, 0.0208863 hours remaining, 0.073759 MB of memory in use.
PERFORMANCE: 40  averaging 0.528422 ns/day, 0.163506 sec/step with standard deviation 6.73385e-05
ENERGY:      40    354425.3347    280284.8876     81947.9639      5068.8438       -4501957.4693    382620.7412         0.0000         0.0000    948253.9147       -2449355.7834       298.2502  -3397609.6981  -2440681.9403       298.2053           1628.9732        36.9385  10198622.6514        23.1068        19.2551

TIMING: 60  CPU: 10.2614, 0.164735/step  Wall: 10.267, 0.164945/step, 0.02016 hours remaining, 0.073759 MB of memory in use.
PERFORMANCE: 60  averaging 0.526876 ns/day, 0.163985 sec/step with standard deviation 0.000832521
ENERGY:      60    354537.6762    280732.9779     82113.0893      5101.1323       -4504106.8749    383830.4550         0.0000         0.0000    948088.3909       -2449703.1534       298.1982  -3397791.5443  -2441030.1446       298.1879           1705.0925       103.5348  10196652.8648         6.9762         5.8291

TIMING: 80  CPU: 13.5265, 0.163258/step  Wall: 13.5325, 0.163277/step, 0.019049 hours remaining, 0.073759 MB of memory in use.
PERFORMANCE: 80  averaging 0.527446 ns/day, 0.163808 sec/step with standard deviation 0.000766461
ENERGY:      80    354640.2044    280594.3744     82125.7391      5074.9789       -4504151.2581    384420.2789         0.0000         0.0000    947961.7812       -2449333.9012       298.1584  -3397295.6824  -2440596.1406       298.2871           1750.7147       152.3095  10195782.6285         4.4384         6.3654

LDB: ============= START OF LOAD BALANCING ============== 25.1402
LDB: Largest compute 2393 load 0.075811 is 0.6% of average load 12.486862
LDB: Average compute 0.008387 is 0.1% of average load 12.486862
LDB: Partitioning computes with target load 1.248686
LDB: Increased migratable compute count from 41743 to 41743
LDB: Largest unpartitionable compute is 0.029743
LDB: ============== END OF LOAD BALANCING =============== 25.1485
Info: useSync: 0 useProxySync: 0
LDB: =============== DONE WITH MIGRATION ================ 25.1642
Info: Initial time: 32 CPUs 0.163742 s/step 1.89516 days/ns 0.0737591 MB memory
TIMING: 100  CPU: 16.8211, 0.164729/step  Wall: 16.8282, 0.164784/step, 0.0183094 hours remaining, 0.073759 MB of memory in use.
PERFORMANCE: 100  averaging 0.526818 ns/day, 0.164004 sec/step with standard deviation 0.00079442
ENERGY:     100    354783.3432    280271.1005     82141.1782      5094.5335       -4503871.6156    383961.4019         0.0000         0.0000    948225.2313       -2449394.8271       298.2412  -3397620.0584  -2440701.9109       298.0730           1708.9198       149.5236  10197236.1111         4.2256         4.2779

LDB: ============= START OF LOAD BALANCING ============== 28.4374
LDB: ============== END OF LOAD BALANCING =============== 28.4378
Info: useSync: 0 useProxySync: 0
LDB: =============== DONE WITH MIGRATION ================ 28.439
TIMING: 120  CPU: 20.09, 0.163446/step  Wall: 20.1011, 0.163648/step, 0.0172739 hours remaining, 0.073759 MB of memory in use.
PERFORMANCE: 120  averaging 0.527008 ns/day, 0.163944 sec/step with standard deviation 0.000725241
ENERGY:     120    354893.3216    280078.6802     82131.1477      5009.7634       -4506054.0444    384897.0357         0.0000         0.0000    949197.9841       -2449846.1117       298.5472  -3399044.0958  -2441146.7530       298.5344           1686.7350       146.6823  10194322.8407       -11.8542       -14.1459

TIMING: 140  CPU: 23.3531, 0.163154/step  Wall: 23.3647, 0.163175/step, 0.0163175 hours remaining, 0.073759 MB of memory in use.
PERFORMANCE: 140  averaging 0.527362 ns/day, 0.163834 sec/step with standard deviation 0.000723064
ENERGY:     140    354885.5225    279223.9686     82102.5400      5055.0428       -4504139.4824    383896.1968         0.0000         0.0000    948981.7687       -2449994.4431       298.4792  -3398976.2118  -2441354.6430       298.5566           1615.8941        67.9195  10196812.4812         6.2844         3.1992

TIMING: 160  CPU: 26.6238, 0.163535/step  Wall: 26.6357, 0.163554/step, 0.0154468 hours remaining, 0.073759 MB of memory in use.
PERFORMANCE: 160  averaging 0.527475 ns/day, 0.163799 sec/step with standard deviation 0.000676722
ENERGY:     160    355223.2631    279010.0020     82160.3309      5084.5775       -4502592.4168    381881.5394         0.0000         0.0000    948696.9502       -2450535.7537       298.3896  -3399232.7039  -2441803.8395       298.2852           1583.1285        27.3814  10199645.0380         2.6132         0.5726

TIMING: 180  CPU: 29.8826, 0.162939/step  Wall: 29.8983, 0.163128/step, 0.0145003 hours remaining, 0.073759 MB of memory in use.
PERFORMANCE: 180  averaging 0.527715 ns/day, 0.163725 sec/step with standard deviation 0.000671365
ENERGY:     180    356207.3940    279367.6641     81987.7651      5087.7349       -4506553.3121    385173.8330         0.0000         0.0000    948424.9241       -2450303.9969       298.3040  -3398728.9210  -2441626.7577       298.3561           1646.5567       118.7051  10191625.0342         3.4264         5.8417

LDB: ============= START OF LOAD BALANCING ============== 41.5016
LDB: Largest compute 2966 load 0.060523 is 0.5% of average load 12.451055
LDB: Average compute 0.008357 is 0.1% of average load 12.451055
LDB: TIME 41.5094 LOAD: AVG 12.4511 MAX 13.0514  PROXIES: TOTAL 3060 MAXPE 99 MAXPATCH 3 None MEM: 0.0737591 MB
LDB: TIME 41.5308 LOAD: AVG 12.4511 MAX 12.6527  PROXIES: TOTAL 3060 MAXPE 99 MAXPATCH 3 TorusLB MEM: 0.0737591 MB
LDB: ============== END OF LOAD BALANCING =============== 41.5512
Info: useSync: 0 useProxySync: 0
LDB: =============== DONE WITH MIGRATION ================ 41.5693
Info: Initial time: 32 CPUs 0.163268 s/step 1.88968 days/ns 0.0737591 MB memory
TIMING: 200  CPU: 33.2079, 0.166267/step  Wall: 33.2248, 0.166327/step, 0.0138606 hours remaining, 0.073759 MB of memory in use.
PERFORMANCE: 200  averaging 0.526877 ns/day, 0.163985 sec/step with standard deviation 0.00103821
ETITLE:      TS           BOND          ANGLE          DIHED          IMPRP               ELECT            VDW       BOUNDARY           MISC        KINETIC               TOTAL           TEMP      POTENTIAL         TOTAL3        TEMPAVG            PRESSURE      GPRESSURE         VOLUME       PRESSAVG      GPRESSAVG

ENERGY:     200    356112.2634    279894.0465     82032.8774      5172.8126       -4505223.5570    383585.4634         0.0000         0.0000    947971.0442       -2450455.0495       298.1613  -3398426.0937  -2441780.2806       298.3383           1586.4493       108.5535  10193294.2782        -1.9039        -1.2974

TIMING: 220  CPU: 36.3915, 0.159179/step  Wall: 36.4088, 0.159195/step, 0.0123819 hours remaining, 0.073759 MB of memory in use.
PERFORMANCE: 220  averaging 0.52828 ns/day, 0.16355 sec/step with standard deviation 0.00174805
ENERGY:     220    356116.7303    279985.5743     82005.7001      5086.1132       -4507572.9531    385506.2879         0.0000         0.0000    948106.6085       -2450765.9388       298.2039  -3398872.5472  -2442135.1931       298.3020           1613.5484       155.9826  10189208.7830       -12.2973       -15.0387

TIMING: 240  CPU: 39.5626, 0.158555/step  Wall: 39.5836, 0.158742/step, 0.0114647 hours remaining, 0.073759 MB of memory in use.
PERFORMANCE: 240  averaging 0.529577 ns/day, 0.163149 sec/step with standard deviation 0.00216893
ENERGY:     240    356400.9494    279687.2883     81824.6408      5116.2830       -4507189.8648    384876.0987         0.0000         0.0000    948466.8598       -2450817.7448       298.3172  -3399284.6046  -2442130.4065       298.3272           1582.6506       119.3181  10189699.2445         6.5592         4.9511

TIMING: 260  CPU: 42.7408, 0.15891/step  Wall: 42.7622, 0.158931/step, 0.0105954 hours remaining, 0.073759 MB of memory in use.
PERFORMANCE: 260  averaging 0.530633 ns/day, 0.162824 sec/step with standard deviation 0.00238351
ENERGY:     260    356241.7799    280164.6406     81646.2667      5031.4912       -4505405.6838    383192.1330         0.0000         0.0000    948043.0033       -2451086.3691       298.1839  -3399129.3724  -2442435.9881       298.3027           1521.4065        75.5023  10193393.7526        18.5013        19.0311

TIMING: 280  CPU: 45.9298, 0.159447/step  Wall: 45.9515, 0.159466/step, 0.00974516 hours remaining, 0.073759 MB of memory in use.
PERFORMANCE: 280  averaging 0.531416 ns/day, 0.162585 sec/step with standard deviation 0.0024596
ENERGY:     280    356645.3105    279987.6393     81976.9295      5135.8057       -4505845.2929    383096.8379         0.0000         0.0000    948064.8001       -2450937.9698       298.1908  -3399002.7699  -2442202.0323       298.1548           1478.7349        64.5527  10193443.8388       -14.0385       -14.7286

LDB: ============= START OF LOAD BALANCING ============== 57.4809
LDB: Largest compute 2966 load 0.076539 is 0.5% of average load 15.598663
LDB: Average compute 0.010452 is 0.1% of average load 15.598663
LDB: TIME 57.489 LOAD: AVG 15.5987 MAX 15.8916  PROXIES: TOTAL 3060 MAXPE 99 MAXPATCH 3 None MEM: 0.0737591 MB
LDB: TIME 57.4924 LOAD: AVG 15.5987 MAX 15.8916  PROXIES: TOTAL 3060 MAXPE 99 MAXPATCH 3 RefineTorusLB MEM: 0.0737591 MB
LDB: TIME 57.4946 LOAD: AVG 15.5987 MAX 15.7665  PROXIES: TOTAL 3060 MAXPE 99 MAXPATCH 3 RefineTorusLB MEM: 0.0737591 MB
LDB: ============== END OF LOAD BALANCING =============== 57.4979
Info: useSync: 0 useProxySync: 0
LDB: =============== DONE WITH MIGRATION ================ 57.5123
Info: Initial time: 32 CPUs 0.159077 s/step 1.84117 days/ns 0.0737591 MB memory
TIMING: 300  CPU: 49.1414, 0.160583/step  Wall: 49.1644, 0.160646/step, 0.00892479 hours remaining, 0.073759 MB of memory in use.
PERFORMANCE: 300  averaging 0.531838 ns/day, 0.162455 sec/step with standard deviation 0.0024224
ENERGY:     300    356645.0164    280738.6971     81760.8977      5012.2893       -4507741.6456    383872.3474         0.0000         0.0000    948442.8261       -2451269.5716       298.3097  -3399712.3978  -2442569.3643       298.2477           1489.8493        95.5763  10191831.3886         2.2054         2.1651

TIMING: 320  CPU: 52.3015, 0.158001/step  Wall: 52.3248, 0.158018/step, 0.00790088 hours remaining, 0.073759 MB of memory in use.
PERFORMANCE: 320  averaging 0.532748 ns/day, 0.162178 sec/step with standard deviation 0.00258991
ENERGY:     320    356400.4096    280649.2066     81935.3254      5074.9422       -4506935.9127    383575.5090         0.0000         0.0000    947965.8518       -2451334.6682       298.1596  -3399300.5200  -2442600.3275       298.2005           1455.5683        77.6585  10195590.9975       -11.8056       -11.9457

TIMING: 340  CPU: 55.4629, 0.15807/step  Wall: 55.4866, 0.158091/step, 0.00702626 hours remaining, 0.073759 MB of memory in use.
PERFORMANCE: 340  averaging 0.533539 ns/day, 0.161938 sec/step with standard deviation 0.0026965
ENERGY:     340    357142.8384    280652.5892     82020.1135      5121.9066       -4508406.3654    384196.5028         0.0000         0.0000    947725.8655       -2451546.5495       298.0841  -3399272.4149  -2442848.1279       298.1248           1452.4205        99.4123  10195210.4042         2.1630         1.6804

TIMING: 360  CPU: 58.6261, 0.158161/step  Wall: 58.6504, 0.158187/step, 0.00615171 hours remaining, 0.073759 MB of memory in use.
PERFORMANCE: 360  averaging 0.534226 ns/day, 0.161729 sec/step with standard deviation 0.00276133
ENERGY:     360    356583.9692    280623.7706     81838.2093      5114.4166       -4508308.9585    384143.0539         0.0000         0.0000    948144.9275       -2451860.6115       298.2160  -3400005.5389  -2443156.6056       298.1595           1415.1082        80.0546  10193937.6107       -10.1712       -11.5199

TIMING: 380  CPU: 61.8327, 0.160331/step  Wall: 61.8574, 0.160352/step, 0.00534508 hours remaining, 0.073759 MB of memory in use.
PERFORMANCE: 380  averaging 0.534466 ns/day, 0.161657 sec/step with standard deviation 0.00270206
ENERGY:     380    357626.5250    280849.8076     81767.6303      5062.1278       -4509549.5364    384081.1217         0.0000         0.0000    947837.9644       -2452324.3596       298.1194  -3400162.3240  -2443657.0250       298.0966           1358.7796        42.6092  10195311.0885         3.9460         2.8897

LDB: ============= START OF LOAD BALANCING ============== 73.4554
LDB: Largest compute 2966 load 0.074592 is 0.5% of average load 15.659375
LDB: Average compute 0.010477 is 0.1% of average load 15.659375
LDB: TIME 73.4639 LOAD: AVG 15.6594 MAX 15.8988  PROXIES: TOTAL 3060 MAXPE 99 MAXPATCH 3 None MEM: 0.0737591 MB
LDB: TIME 73.4678 LOAD: AVG 15.6594 MAX 15.8988  PROXIES: TOTAL 3060 MAXPE 99 MAXPATCH 3 RefineTorusLB MEM: 0.0737591 MB
LDB: TIME 73.4722 LOAD: AVG 15.6594 MAX 15.8266  PROXIES: TOTAL 3062 MAXPE 99 MAXPATCH 3 RefineTorusLB MEM: 0.0737591 MB
LDB: ============== END OF LOAD BALANCING =============== 73.476
Info: useSync: 0 useProxySync: 0
LDB: =============== DONE WITH MIGRATION ================ 73.4907
Info: Benchmark time: 32 CPUs 0.159443 s/step 1.84541 days/ns 0.0737591 MB memory
TIMING: 400  CPU: 65.1184, 0.164286/step  Wall: 65.1445, 0.164355/step, 0.00456541 hours remaining, 0.073759 MB of memory in use.
PERFORMANCE: 400  averaging 0.53402 ns/day, 0.161792 sec/step with standard deviation 0.00269829
ETITLE:      TS           BOND          ANGLE          DIHED          IMPRP               ELECT            VDW       BOUNDARY           MISC        KINETIC               TOTAL           TEMP      POTENTIAL         TOTAL3        TEMPAVG            PRESSURE      GPRESSURE         VOLUME       PRESSAVG      GPRESSAVG

ENERGY:     400    357341.7761    280537.8168     81762.8023      5101.3700       -4510100.8802    384902.8068         0.0000         0.0000    947894.1656       -2452560.1426       298.1371  -3400454.3083  -2443924.4949       298.2967           1402.8439        94.7075  10194483.1202         0.7184         0.7808

TIMING: 420  CPU: 68.361, 0.16213/step  Wall: 68.3876, 0.162154/step, 0.00360342 hours remaining, 0.073759 MB of memory in use.
PERFORMANCE: 420  averaging 0.533963 ns/day, 0.161809 sec/step with standard deviation 0.00263115
ENERGY:     420    357672.5705    279869.8104     81616.2016      5089.8012       -4513087.9776    387640.0194         0.0000         0.0000    948423.3615       -2452776.2130       298.3035  -3401199.5745  -2444077.1933       298.1561           1455.5792       172.0686  10189586.1021         2.2237         1.4007

TIMING: 440  CPU: 71.5941, 0.161652/step  Wall: 71.621, 0.16167/step, 0.00269451 hours remaining, 0.073759 MB of memory in use.
PERFORMANCE: 440  averaging 0.533984 ns/day, 0.161803 sec/step with standard deviation 0.00256791
ENERGY:     440    357724.0425    280510.5028     81821.3871      5132.8686       -4510010.3420    384616.9442         0.0000         0.0000    947729.0134       -2452475.5833       298.0851  -3400204.5967  -2443830.7076       298.3082           1370.6312       101.4415  10194748.5409         9.9963         9.3177

TIMING: 460  CPU: 74.8034, 0.160465/step  Wall: 74.8309, 0.160498/step, 0.00178332 hours remaining, 0.073759 MB of memory in use.
PERFORMANCE: 460  averaging 0.534171 ns/day, 0.161746 sec/step with standard deviation 0.00252357
ENERGY:     460    357244.4228    279625.6258     81864.3023      5106.9925       -4508113.8460    383412.5226         0.0000         0.0000    948196.0940       -2452663.8862       298.2320  -3400859.9801  -2443965.9310       298.0012           1289.4339        27.2359  10197466.2784        -2.4209        -3.8044

TIMING: 480  CPU: 78.0246, 0.161063/step  Wall: 78.0526, 0.161081/step, 0.000894897 hours remaining, 0.073759 MB of memory in use.
PERFORMANCE: 480  averaging 0.534263 ns/day, 0.161718 sec/step with standard deviation 0.00247182
ENERGY:     480    357296.0788    279217.5583     81863.2688      5106.5873       -4508478.3756    384063.7472         0.0000         0.0000    947813.1371       -2453117.9981       298.1116  -3400931.1353  -2444372.6466       298.0286           1263.5397         6.1778  10196233.2098        21.1734        21.3874

Info: Benchmark time: 32 CPUs 0.161104 s/step 1.86463 days/ns 0.0737591 MB memory
TIMING: 500  CPU: 81.2263, 0.160085/step  Wall: 81.2551, 0.160127/step, 0 hours remaining, 0.073759 MB of memory in use.
PERFORMANCE: 500  averaging 0.534473 ns/day, 0.161655 sec/step with standard deviation 0.00244062
ENERGY:     500    357111.5160    279090.5052     81953.9689      5148.2485       -4507214.0708    382252.9661         0.0000         0.0000    948670.7437       -2452986.1225       298.3813  -3401656.8662  -2444205.0159       298.0106           1254.6280        34.6781  10198277.4161         3.9321         3.6631

WRITING EXTENDED SYSTEM TO OUTPUT FILE AT STEP 500
WRITING COORDINATES TO OUTPUT FILE AT STEP 500
The last position output (seq=-2) takes 0.097 seconds, 0.074 MB of memory in use
WRITING VELOCITIES TO OUTPUT FILE AT STEP 500
The last velocity output (seq=-2) takes 0.105 seconds, 0.074 MB of memory in use
====================================================

WallClock: 90.237000  CPUTime: 90.009766  Memory: 0.073759 MB
[Partition 0][Node 0] End of program
