Charm++> Running on MPI version: 3.1
Charm++> level of thread support used: MPI_THREAD_SINGLE (desired: MPI_THREAD_SINGLE)
Charm++> Running in non-SMP mode: 64 processes (PEs)
Charm++> Using recursive bisection (scheme 3) for topology aware partitions
Converse/Charm++ Commit ID: v70000
Isomalloc> Synchronized global address space.
CharmLB> Load balancer assumes all CPUs are same.
Charm++> Running on 4 hosts (1 sockets x 16 cores x 1 PUs = 16-way SMP)
Charm++> cpu topology info is gathered in 0.001 seconds.
Info: NAMD 3.0b6 for Linux-ARM64-MPI
Info: 
Info: Please visit http://www.ks.uiuc.edu/Research/namd/
Info: for updates, documentation, and support information.
Info: 
Info: Please cite Phillips et al., J. Chem. Phys. 153:044130 (2020) doi:10.1063/5.0014475
Info: in all publications reporting results obtained with NAMD.
Info: 
Info: Based on Charm++/Converse 70000 for mpi-linux-arm8
Info: Built Thu May 2 22:58:22 UTC 2024 by ogooberman on login
Info: 1 NAMD  3.0b6  Linux-ARM64-MPI  64    cn01  ogooberman
Info: Running on 64 processors, 64 nodes, 4 physical nodes.
Info: CPU topology information available.
Info: Charm++/Converse parallel runtime startup completed at 0.0148932 s
Info: 358.223 MB of memory in use based on /proc/self/stat
Info: Configuration file is /home/ogooberman/build/stmv/stmv.namd
Info: Changed directory to /home/ogooberman/build/stmv
TCL: Suspending until startup complete.
Warning: The Langevin gamma parameters differ over the particles,
Warning: requiring extra work per step to constrain rigid bonds.
Info: SIMULATION PARAMETERS:
Info: TIMESTEP               1
Info: NUMBER OF STEPS        500
Info: STEPS PER CYCLE        20
Info: PERIODIC CELL BASIS 1  216.832 0 0
Info: PERIODIC CELL BASIS 2  0 216.832 0
Info: PERIODIC CELL BASIS 3  0 0 216.832
Info: PERIODIC CELL CENTER   0 0 0
Info: LOAD BALANCER  Centralized
Info: LOAD BALANCING STRATEGY  New Load Balancers -- DEFAULT
Info: LDB PERIOD             4000 steps
Info: FIRST LDB TIMESTEP     100
Info: LAST LDB TIMESTEP     -1
Info: LDB BACKGROUND SCALING 1
Info: HOM BACKGROUND SCALING 1
Info: PME BACKGROUND SCALING 1
Info: MIN ATOMS PER PATCH    40
Info: EMPTY PATCH LOAD       40 ATOMS
Info: INITIAL TEMPERATURE    298
Info: CENTER OF MASS MOVING INITIALLY? NO
Info: DIELECTRIC             1
Info: EXCLUDE                SCALED ONE-FOUR
Info: 1-4 ELECTROSTATICS SCALED BY 1
Info: MODIFIED 1-4 VDW PARAMETERS WILL BE USED
Info: NO DCD TRAJECTORY OUTPUT
Info: NO EXTENDED SYSTEM TRAJECTORY OUTPUT
Info: NO VELOCITY DCD OUTPUT
Info: NO FORCE DCD OUTPUT
Info: OUTPUT FILENAME        /home/ogooberman/ukscc-team-4/NAMD/outputs/4-node-run
Info: BINARY OUTPUT FILES WILL BE USED
Info: NO RESTART FILE
Info: SWITCHING ACTIVE
Info: SWITCHING ON           10
Info: SWITCHING OFF          12
Info: PAIRLIST DISTANCE      13.5
Info: PAIRLIST SHRINK RATE   0.01
Info: PAIRLIST GROW RATE     0.01
Info: PAIRLIST TRIGGER       0.3
Info: PAIRLISTS PER CYCLE    2
Info: PAIRLISTS ENABLED
Info: MARGIN                 0.48
Info: HYDROGEN GROUP CUTOFF  2.5
Info: PATCH DIMENSION        16.48
Info: ENERGY OUTPUT STEPS    20
Info: ENERGY EVALUATION STEPS    20
Info: OUTPUT ENERGY PRECISION 4
Info: OUPUT ENERGY PRECISION 4
Info: CROSSTERM ENERGY INCLUDED IN DIHEDRAL
Info: TIMING OUTPUT STEPS    20
Info: LANGEVIN DYNAMICS ACTIVE
Info: LANGEVIN TEMPERATURE   298
Info: LANGEVIN USING BBK INTEGRATOR
Info: LANGEVIN DAMPING COEFFICIENT IS 5 INVERSE PS
Info: LANGEVIN DYNAMICS NOT APPLIED TO HYDROGENS
Info: LANGEVIN PISTON PRESSURE CONTROL ACTIVE
Info:        TARGET PRESSURE IS 1.01325 BAR
Info:     OSCILLATION PERIOD IS 100 FS
Info:             DECAY TIME IS 50 FS
Info:     PISTON TEMPERATURE IS 298 K
Info:       PRESSURE CONTROL IS GROUP-BASED
Info:    INITIAL STRAIN RATE IS 0 0 0
Info:       CELL FLUCTUATION IS ISOTROPIC
Info: PARTICLE MESH EWALD (PME) ACTIVE
Info: PME TOLERANCE               1e-06
Info: PME EWALD COEFFICIENT       0.257952
Info: PME INTERPOLATION ORDER     4
Info: PME GRID DIMENSIONS         216 216 216
Info: PME MAXIMUM GRID SPACING    1.5
Info: Attempting to read FFTW data from system
Info: Attempting to read FFTW data from FFTW_NAMD_3.0b6_Linux-ARM64-MPI_FFTW3.txt
Info: Optimizing 6 FFT steps.  1... 2... 3... 4... 5... 6...   Done.
Info: Writing FFTW data to FFTW_NAMD_3.0b6_Linux-ARM64-MPI_FFTW3.txt
Info: FULL ELECTROSTATIC EVALUATION FREQUENCY      4
Info: USING VERLET I (r-RESPA) MTS SCHEME.
Info: C1 SPLITTING OF LONG RANGE ELECTROSTATICS
Info: PLACING ATOMS IN PATCHES BY HYDROGEN GROUPS
Info: RANDOM NUMBER SEED     1714691145
Info: USE HYDROGEN BONDS?    NO
Info: COORDINATE PDB         stmv.pdb
Info: STRUCTURE FILE         stmv.psf
Info: PARAMETER file: CHARMM format! 
Info: PARAMETERS             par_all27_prot_na.inp
Info: USING ARITHMETIC MEAN TO COMBINE L-J SIGMA PARAMETERS
Info: SUMMARY OF PARAMETERS:
Info: 250 BONDS
Info: 622 ANGLES
Info: 1049 DIHEDRAL
Info: 73 IMPROPER
Info: 0 CROSSTERM
Info: 130 VDW
Info: 0 VDW_PAIRS
Info: 0 NBTHOLE_PAIRS
Info: TIME FOR READING PSF FILE: 6.31916
Info: Reading pdb file stmv.pdb
Info: TIME FOR READING PDB FILE: 1.09668
Info: 
Info: ****************************
Info: STRUCTURE SUMMARY:
Info: 1066628 ATOMS
Info: 769956 BONDS
Info: 605872 ANGLES
Info: 450875 DIHEDRALS
Info: 24578 IMPROPERS
Info: 0 CROSSTERMS
Info: 0 EXCLUSIONS
Info: 3199884 DEGREES OF FREEDOM
Info: 389067 HYDROGEN GROUPS
Info: 4 ATOMS IN LARGEST HYDROGEN GROUP
Info: 389067 MIGRATION GROUPS
Info: 4 ATOMS IN LARGEST MIGRATION GROUP
Info: TOTAL MASS = 6.69877e+06 amu
Info: TOTAL CHARGE = 0.000168104 e
Info: MASS DENSITY = 1.09115 g/cm^3
Info: ATOM DENSITY = 0.104627 atoms/A^3
Info: *****************************
Info: 
Info: Entering startup at 7.45893 s, 0.0623951 MB of memory in use
Info: Startup phase 0 took 0.00105549 s, 0.0623951 MB of memory in use
Info: ADDED 1810196 IMPLICIT EXCLUSIONS
Info: Startup phase 1 took 0.868447 s, 0.0623951 MB of memory in use
Info: NONBONDED TABLE R-SQUARED SPACING: 0.0625
Info: NONBONDED TABLE SIZE: 769 POINTS
Info: ABSOLUTE IMPRECISION IN FAST TABLE FORCE: 2.64698e-23 AT 11.9138
Info: RELATIVE IMPRECISION IN FAST TABLE FORCE: 1.40436e-16 AT 11.9138
Info: INCONSISTENCY IN FAST TABLE ENERGY VS FORCE: 0.000325096 AT 11.9556
Info: ABSOLUTE IMPRECISION IN SCOR TABLE FORCE: 4.10282e-22 AT 11.9138
Info: RELATIVE IMPRECISION IN SCOR TABLE FORCE: 3.56912e-15 AT 11.9138
Info: INCONSISTENCY IN SCOR TABLE ENERGY VS FORCE: 0.000324844 AT 11.9556
Info: ABSOLUTE IMPRECISION IN VDWA TABLE ENERGY: 9.86076e-32 AT 11.8295
Info: RELATIVE IMPRECISION IN VDWA TABLE ENERGY: 6.75473e-14 AT 11.9138
Info: ABSOLUTE IMPRECISION IN VDWA TABLE FORCE: 4.62223e-32 AT 11.9138
Info: RELATIVE IMPRECISION IN VDWA TABLE FORCE: 2.12237e-15 AT 11.9138
Info: INCONSISTENCY IN VDWA TABLE ENERGY VS FORCE: 0.0040507 AT 0.251946
Info: ABSOLUTE IMPRECISION IN VDWB TABLE ENERGY: 4.1359e-25 AT 11.8295
Info: RELATIVE IMPRECISION IN VDWB TABLE ENERGY: 7.56853e-15 AT 11.9138
Info: ABSOLUTE IMPRECISION IN VDWB TABLE FORCE: 3.87741e-26 AT 11.9138
Info: RELATIVE IMPRECISION IN VDWB TABLE FORCE: 5.97409e-16 AT 11.9138
Info: INCONSISTENCY IN VDWB TABLE ENERGY VS FORCE: 0.00150189 AT 0.251946
Info: Startup phase 2 took 0.002018 s, 0.0623951 MB of memory in use
Info: Startup phase 3 took 0.00086735 s, 0.0623951 MB of memory in use
Info: Startup phase 4 took 0.00275107 s, 0.0623951 MB of memory in use
Info: Startup phase 5 took 0.000863734 s, 0.0623951 MB of memory in use
Info: PATCH GRID IS 13 (PERIODIC) BY 13 (PERIODIC) BY 13 (PERIODIC)
Info: PATCH GRID IS 1-AWAY BY 1-AWAY BY 1-AWAY
Info: REMOVING COM VELOCITY -0.00715452 -0.00541236 -0.00059549
Info: LARGEST PATCH (1044) HAS 541 ATOMS
Info: TORUS A SIZE 4 USING 0 1 2 3
Info: TORUS B SIZE 1 USING 0
Info: TORUS C SIZE 1 USING 0
Info: TORUS MINIMAL MESH SIZE IS 4 BY 1 BY 1
Info: Placed 100% of base nodes on same physical node as patch
Info: Startup phase 6 took 0.203465 s, 0.0623951 MB of memory in use
Info: PME using 54 and 54 processors for FFT and reciprocal sum.
Info: PME GRID LOCATIONS: 1 2 3 5 6 7 9 10 11 12 ...
Info: PME TRANS LOCATIONS: 1 2 3 4 5 6 8 9 10 11 ...
Info: PME USING 54 GRID NODES AND 54 TRANS NODES
Info: Startup phase 7 took 0.0150667 s, 0.0623951 MB of memory in use
Info: Startup phase 8 took 0.000826177 s, 0.0623951 MB of memory in use
Info: Startup phase 9 took 0.155596 s, 0.0623951 MB of memory in use
Info: Startup phase 10 took 0.000906243 s, 0.0623951 MB of memory in use
Info: Startup phase 11 took 0.0592435 s, 0.0623951 MB of memory in use
LDB: Central LB being created...
Info: Startup phase 12 took 0.00358905 s, 0.0623951 MB of memory in use
Info: CREATING 44260 COMPUTE OBJECTS
Info: Startup phase 13 took 0.00338133 s, 0.0623951 MB of memory in use
Info: useSync: 0 useProxySync: 0
Info: Startup phase 14 took 0.000907851 s, 0.0623951 MB of memory in use
Info: Startup phase 15 took 0.000168395 s, 0.0623951 MB of memory in use
Info: Finished startup at 8.77809 s, 0.0623951 MB of memory in use

ETITLE:      TS           BOND          ANGLE          DIHED          IMPRP               ELECT            VDW       BOUNDARY           MISC        KINETIC               TOTAL           TEMP      POTENTIAL         TOTAL3        TEMPAVG            PRESSURE      GPRESSURE         VOLUME       PRESSAVG      GPRESSAVG

ENERGY:       0    354072.1600    280839.0161     81957.9556      4995.4407       -4503168.0872    384266.4685         0.0000         0.0000    949305.7844       -2447731.2620       298.5811  -3397037.0464  -2439092.0370       298.5811           1834.5946       193.0488  10194598.5131      1834.5946       193.0488

LDB: ============= START OF LOAD BALANCING ============== 10.5422
LDB: ============== END OF LOAD BALANCING =============== 10.5427
Info: useSync: 0 useProxySync: 0
LDB: =============== DONE WITH MIGRATION ================ 10.544
TIMING: 20  CPU: 1.98526, 0.087226/step  Wall: 1.98592, 0.0872485/step, 0.0116331 hours remaining, 0.062395 MB of memory in use.
PERFORMANCE: 20  averaging 0.990275 ns/day, 0.0872485 sec/step with standard deviation 0
ENERGY:      20    354569.2736    281048.4823     81874.8776      5048.6715       -4503378.0321    383484.2343         0.0000         0.0000    949822.4155       -2447530.0773       298.7436  -3397352.4929  -2438931.6675       298.4705           1695.1898        85.2868  10198559.2002       -15.4889       -16.3450

TIMING: 40  CPU: 3.73471, 0.0874726/step  Wall: 3.73568, 0.0874878/step, 0.011179 hours remaining, 0.062395 MB of memory in use.
PERFORMANCE: 40  averaging 0.988919 ns/day, 0.0873681 sec/step with standard deviation 0.000169245
ENERGY:      40    355063.2548    280853.2911     82000.6123      5020.9092       -4502769.3900    383703.2970         0.0000         0.0000    948380.7356       -2447747.2898       298.2901  -3396128.0255  -2439060.0273       298.4528           1661.4658        85.0551  10199348.6534        18.1136        15.7821

TIMING: 60  CPU: 5.47076, 0.0868025/step  Wall: 5.47192, 0.0868122/step, 0.0106104 hours remaining, 0.062395 MB of memory in use.
PERFORMANCE: 60  averaging 0.991021 ns/day, 0.0871828 sec/step with standard deviation 0.000342539
ENERGY:      60    355297.6703    280668.3836     82000.4363      5013.3845       -4504866.2793    384698.4403         0.0000         0.0000    948784.9699       -2448402.9943       298.4173  -3397187.9642  -2439686.8858       298.3430           1678.4974        97.1182  10197469.2122        -7.4724        -7.8448

TIMING: 80  CPU: 7.20699, 0.0868114/step  Wall: 7.20838, 0.0868229/step, 0.0101293 hours remaining, 0.062395 MB of memory in use.
PERFORMANCE: 80  averaging 0.992045 ns/day, 0.0870928 sec/step with standard deviation 0.000332586
ENERGY:      80    355428.5516    280472.9857     82076.4659      5015.4401       -4503267.9786    383325.9550         0.0000         0.0000    948316.6548       -2448631.9253       298.2700  -3396948.5801  -2440009.6016       298.4875           1633.2574        56.1248  10201192.5511        23.9403        26.8461

LDB: ============= START OF LOAD BALANCING ============== 17.5942
LDB: Largest compute 3241 load 0.060120 is 0.9% of average load 6.515407
LDB: Average compute 0.008449 is 0.1% of average load 6.515407
LDB: Partitioning computes with target load 0.651541
LDB: Increased migratable compute count from 41743 to 41743
LDB: Largest unpartitionable compute is 0.012612
LDB: ============== END OF LOAD BALANCING =============== 17.6031
Info: useSync: 0 useProxySync: 0
LDB: =============== DONE WITH MIGRATION ================ 17.6191
Info: Initial time: 64 CPUs 0.0879486 s/step 1.01792 days/ns 0.0623951 MB memory
TIMING: 100  CPU: 9.05877, 0.0925893/step  Wall: 9.06297, 0.0927297/step, 0.0103033 hours remaining, 0.062395 MB of memory in use.
PERFORMANCE: 100  averaging 0.979368 ns/day, 0.0882202 sec/step with standard deviation 0.00253726
ENERGY:     100    355447.8895    280490.7731     82045.1042      5105.9186       -4505178.0339    384610.6617         0.0000         0.0000    949160.7892       -2448316.8976       298.5355  -3397477.6869  -2439672.7496       298.6504           1660.9521       110.9161  10200979.7939       -13.6958       -12.6672

LDB: ============= START OF LOAD BALANCING ============== 19.3567
LDB: ============== END OF LOAD BALANCING =============== 19.3572
Info: useSync: 0 useProxySync: 0
LDB: =============== DONE WITH MIGRATION ================ 19.3584
TIMING: 120  CPU: 10.7951, 0.0868147/step  Wall: 10.7997, 0.0868389/step, 0.00916633 hours remaining, 0.062395 MB of memory in use.
PERFORMANCE: 120  averaging 0.98193 ns/day, 0.08799 sec/step with standard deviation 0.00233841
ENERGY:     120    355886.9082    279807.3946     82099.3184      5061.5793       -4507250.1604    386312.4454         0.0000         0.0000    949725.5767       -2448356.9379       298.7131  -3398082.5146  -2439661.0302       298.8118           1663.4262       140.7189  10197160.4316         3.3333         0.8875

TIMING: 140  CPU: 12.5494, 0.0877168/step  Wall: 12.5543, 0.0877281/step, 0.00877281 hours remaining, 0.062395 MB of memory in use.
PERFORMANCE: 140  averaging 0.982348 ns/day, 0.0879526 sec/step with standard deviation 0.00213696
ENERGY:     140    355809.8721    279951.3345     81991.6809      5076.7352       -4505619.4377    384287.7750         0.0000         0.0000    949678.3376       -2448823.7024       298.6983  -3398502.0399  -2440172.5421       298.6965           1628.6204       106.5205  10199746.3736        -5.8261        -8.6613

TIMING: 160  CPU: 14.2896, 0.0870112/step  Wall: 14.2948, 0.0870235/step, 0.00821889 hours remaining, 0.062395 MB of memory in use.
PERFORMANCE: 160  averaging 0.983647 ns/day, 0.0878364 sec/step with standard deviation 0.00200552
ENERGY:     160    355748.7682    279846.6718     82140.5132      5140.3559       -4506347.2679    385087.8065         0.0000         0.0000    949891.4837       -2448491.6686       298.7653  -3398383.1523  -2439744.0773       298.7014           1654.2353       114.5531  10198416.5756         0.0161        -1.4677

TIMING: 180  CPU: 16.0306, 0.08705/step  Wall: 16.036, 0.0870619/step, 0.00773883 hours remaining, 0.062395 MB of memory in use.
PERFORMANCE: 180  averaging 0.984611 ns/day, 0.0877504 sec/step with standard deviation 0.00189368
ENERGY:     180    356234.6231    279566.5083     81945.7329      5099.3769       -4506935.0476    385603.0735         0.0000         0.0000    949876.3346       -2448609.3982       298.7605  -3398485.7328  -2439908.5686       298.7816           1668.9926       136.7470  10197956.1422         0.6379        -0.7543

LDB: ============= START OF LOAD BALANCING ============== 26.3334
LDB: Largest compute 2966 load 0.060940 is 0.9% of average load 6.502874
LDB: Average compute 0.008422 is 0.1% of average load 6.502874
LDB: TIME 26.3417 LOAD: AVG 6.50287 MAX 6.95163  PROXIES: TOTAL 4081 MAXPE 66 MAXPATCH 5 None MEM: 0.0623951 MB
LDB: TIME 26.3642 LOAD: AVG 6.50287 MAX 6.59863  PROXIES: TOTAL 4081 MAXPE 66 MAXPATCH 5 TorusLB MEM: 0.0623951 MB
LDB: ============== END OF LOAD BALANCING =============== 26.3852
Info: useSync: 0 useProxySync: 0
LDB: =============== DONE WITH MIGRATION ================ 26.4018
Info: Initial time: 64 CPUs 0.0870279 s/step 1.00727 days/ns 0.0623951 MB memory
TIMING: 200  CPU: 17.83, 0.0899676/step  Wall: 17.8364, 0.0900173/step, 0.00750144 hours remaining, 0.062395 MB of memory in use.
PERFORMANCE: 200  averaging 0.982074 ns/day, 0.0879771 sec/step with standard deviation 0.00192392
ETITLE:      TS           BOND          ANGLE          DIHED          IMPRP               ELECT            VDW       BOUNDARY           MISC        KINETIC               TOTAL           TEMP      POTENTIAL         TOTAL3        TEMPAVG            PRESSURE      GPRESSURE         VOLUME       PRESSAVG      GPRESSAVG

ENERGY:     200    355949.5123    279917.6550     82013.2024      5090.8638       -4502324.4134    383114.3887         0.0000         0.0000    947336.9039       -2448901.8874       297.9618  -3396238.7912  -2440150.3873       298.2266           1532.6625        26.2306  10205095.0056         6.0949         6.1062

TIMING: 220  CPU: 19.5028, 0.0836405/step  Wall: 19.5095, 0.0836547/step, 0.00650648 hours remaining, 0.062395 MB of memory in use.
PERFORMANCE: 220  averaging 0.98648 ns/day, 0.0875841 sec/step with standard deviation 0.00224271
ENERGY:     220    356245.4490    279624.1363     81943.8819      5172.2659       -4504848.7087    383915.8386         0.0000         0.0000    949366.2604       -2448580.8766       298.6001  -3397947.1370  -2439847.6422       298.4828           1532.7493        57.5926  10201133.3911         5.4213         6.1289

TIMING: 240  CPU: 21.1723, 0.0834744/step  Wall: 21.1792, 0.0834859/step, 0.00602954 hours remaining, 0.062395 MB of memory in use.
PERFORMANCE: 240  averaging 0.990342 ns/day, 0.0872426 sec/step with standard deviation 0.00244379
ENERGY:     240    356402.0178    280445.1549     82157.4262      5091.5926       -4507275.4206    386003.0062         0.0000         0.0000    948361.6569       -2448814.5660       298.2841  -3397176.2229  -2440094.9606       298.4952           1596.2717       132.0695  10198013.2800        -6.0383        -7.4185

TIMING: 260  CPU: 22.8409, 0.083432/step  Wall: 22.8481, 0.083444/step, 0.00556294 hours remaining, 0.062395 MB of memory in use.
PERFORMANCE: 260  averaging 0.99367 ns/day, 0.0869504 sec/step with standard deviation 0.00256601
ENERGY:     260    356792.8761    279921.6033     82119.0626      5141.1574       -4507806.0243    385679.7566         0.0000         0.0000    949406.7684       -2448744.7998       298.6128  -3398151.5682  -2440060.6894       298.4976           1569.5176       127.3437  10197751.9779        -2.6803        -5.1380

TIMING: 280  CPU: 24.5151, 0.0837068/step  Wall: 24.5224, 0.0837182/step, 0.00511611 hours remaining, 0.062395 MB of memory in use.
PERFORMANCE: 280  averaging 0.996315 ns/day, 0.0867195 sec/step with standard deviation 0.0026123
ENERGY:     280    356735.7320    280829.6696     82041.9245      5099.3069       -4507752.6906    385472.9803         0.0000         0.0000    948463.5889       -2449109.4885       298.3162  -3397573.0773  -2440447.7637       298.5766           1536.7450       109.3948  10198274.3072        -9.5519        -9.7887

LDB: ============= START OF LOAD BALANCING ============== 34.7698
LDB: Largest compute 3956 load 0.079446 is 1.0% of average load 8.142273
LDB: Average compute 0.010522 is 0.1% of average load 8.142273
LDB: TIME 34.7783 LOAD: AVG 8.14227 MAX 8.33407  PROXIES: TOTAL 4081 MAXPE 66 MAXPATCH 5 None MEM: 0.0623951 MB
LDB: TIME 34.7818 LOAD: AVG 8.14227 MAX 8.33407  PROXIES: TOTAL 4081 MAXPE 66 MAXPATCH 5 RefineTorusLB MEM: 0.0623951 MB
LDB: TIME 34.7835 LOAD: AVG 8.14227 MAX 8.23587  PROXIES: TOTAL 4081 MAXPE 66 MAXPATCH 5 RefineTorusLB MEM: 0.0623951 MB
LDB: ============== END OF LOAD BALANCING =============== 34.7866
Info: useSync: 0 useProxySync: 0
LDB: =============== DONE WITH MIGRATION ================ 34.8014
Info: Initial time: 64 CPUs 0.0836398 s/step 0.968053 days/ns 0.0623951 MB memory
TIMING: 300  CPU: 26.224, 0.0854461/step  Wall: 26.2323, 0.0854963/step, 0.00474979 hours remaining, 0.062395 MB of memory in use.
PERFORMANCE: 300  averaging 0.997253 ns/day, 0.086638 sec/step with standard deviation 0.00253702
ENERGY:     300    357340.9582    281103.9553     82133.9252      5050.6421       -4507653.4093    384809.3488         0.0000         0.0000    948177.8429       -2449036.7368       298.2263  -3397214.5797  -2440378.3902       298.4460           1491.1590       100.6558  10197326.5731        12.2871        14.8072

TIMING: 320  CPU: 27.8841, 0.0830061/step  Wall: 27.8926, 0.0830132/step, 0.00415066 hours remaining, 0.062395 MB of memory in use.
PERFORMANCE: 320  averaging 0.999868 ns/day, 0.0864114 sec/step with standard deviation 0.00261315
ENERGY:     320    356714.0158    281328.3982     82124.8495      5079.2148       -4507944.1193    384720.8347         0.0000         0.0000    948614.1064       -2449362.7000       298.3635  -3397976.8063  -2440721.6186       298.5047           1448.4653        85.2337  10198691.9994       -14.8081       -14.1648

TIMING: 340  CPU: 29.54, 0.0827942/step  Wall: 29.5487, 0.0828058/step, 0.00368026 hours remaining, 0.062395 MB of memory in use.
PERFORMANCE: 340  averaging 1.00233 ns/day, 0.0861993 sec/step with standard deviation 0.00267703
ENERGY:     340    357495.8000    280777.2498     81978.8187      5007.8030       -4507195.6654    383840.8724         0.0000         0.0000    948075.3437       -2450019.7778       298.1941  -3398095.1215  -2441347.1135       298.4836           1402.5444        42.4108  10199294.9575        -0.9419        -3.2974

TIMING: 360  CPU: 31.2026, 0.0831315/step  Wall: 31.2116, 0.0831433/step, 0.00323335 hours remaining, 0.062395 MB of memory in use.
PERFORMANCE: 360  averaging 1.00431 ns/day, 0.0860296 sec/step with standard deviation 0.00269514
ENERGY:     360    357684.1772    280928.6697     82155.5602      5119.7263       -4508129.9524    384180.3150         0.0000         0.0000    947958.6501       -2450102.8539       298.1574  -3398061.5040  -2441436.2230       298.2809           1397.1490        36.2372  10198728.5001        17.1606        17.6988

TIMING: 380  CPU: 32.8627, 0.0830049/step  Wall: 32.8719, 0.0830164/step, 0.00276721 hours remaining, 0.062395 MB of memory in use.
PERFORMANCE: 380  averaging 1.00616 ns/day, 0.085871 sec/step with standard deviation 0.00270889
ENERGY:     380    357561.5964    280893.2382     82091.2976      5046.4208       -4509603.9616    384790.0270         0.0000         0.0000    949405.4073       -2449815.9743       298.6124  -3399221.3815  -2441125.7376       298.4826           1444.6918       111.1031  10196718.4956        -2.8073        -1.0565

LDB: ============= START OF LOAD BALANCING ============== 43.1071
LDB: Largest compute 3956 load 0.078741 is 1.0% of average load 8.140013
LDB: Average compute 0.010511 is 0.1% of average load 8.140013
LDB: TIME 43.1157 LOAD: AVG 8.14001 MAX 8.23822  PROXIES: TOTAL 4081 MAXPE 66 MAXPATCH 5 None MEM: 0.0623951 MB
LDB: TIME 43.1191 LOAD: AVG 8.14001 MAX 8.23822  PROXIES: TOTAL 4081 MAXPE 66 MAXPATCH 5 RefineTorusLB MEM: 0.0623951 MB
LDB: TIME 43.1195 LOAD: AVG 8.14001 MAX 8.23172  PROXIES: TOTAL 4081 MAXPE 66 MAXPATCH 5 RefineTorusLB MEM: 0.0623951 MB
LDB: ============== END OF LOAD BALANCING =============== 43.1227
Info: useSync: 0 useProxySync: 0
LDB: =============== DONE WITH MIGRATION ================ 43.1375
Info: Benchmark time: 64 CPUs 0.0830616 s/step 0.961361 days/ns 0.0623951 MB memory
TIMING: 400  CPU: 34.5591, 0.0848199/step  Wall: 34.5693, 0.0848691/step, 0.00235747 hours remaining, 0.062395 MB of memory in use.
PERFORMANCE: 400  averaging 1.00675 ns/day, 0.0858209 sec/step with standard deviation 0.00264614
ETITLE:      TS           BOND          ANGLE          DIHED          IMPRP               ELECT            VDW       BOUNDARY           MISC        KINETIC               TOTAL           TEMP      POTENTIAL         TOTAL3        TEMPAVG            PRESSURE      GPRESSURE         VOLUME       PRESSAVG      GPRESSAVG

ENERGY:     400    357787.0929    281016.4172     81929.9135      5066.7487       -4510802.9648    386643.8163         0.0000         0.0000    948366.8805       -2449992.0955       298.2858  -3398358.9761  -2441360.8620       298.4553           1442.5763       132.2411  10193632.6449       -20.8157       -21.6939

TIMING: 420  CPU: 36.2165, 0.0828688/step  Wall: 36.2268, 0.0828766/step, 0.0018417 hours remaining, 0.062395 MB of memory in use.
PERFORMANCE: 420  averaging 1.0084 ns/day, 0.0856807 sec/step with standard deviation 0.00265796
ENERGY:     420    357523.8394    280296.7007     81911.6432      5094.4287       -4507250.1170    383430.6839         0.0000         0.0000    948951.1048       -2450041.7164       298.4695  -3398992.8211  -2441346.1259       298.4139           1329.8818        33.4521  10200980.3730        13.7568        12.2944

TIMING: 440  CPU: 37.8769, 0.0830196/step  Wall: 37.8875, 0.0830315/step, 0.00138386 hours remaining, 0.062395 MB of memory in use.
PERFORMANCE: 440  averaging 1.00981 ns/day, 0.0855603 sec/step with standard deviation 0.00265469
ENERGY:     440    357650.5680    279792.1290     81891.8817      5047.3554       -4506033.9656    383064.2203         0.0000         0.0000    948531.8613       -2450055.9498       298.3377  -3398587.8111  -2441318.1911       298.4048           1328.7148        54.2267  10200292.6487         6.5390         6.2978

TIMING: 460  CPU: 39.5394, 0.0831255/step  Wall: 39.5502, 0.0831382/step, 0.000923758 hours remaining, 0.062395 MB of memory in use.
PERFORMANCE: 460  averaging 1.01106 ns/day, 0.085455 sec/step with standard deviation 0.00264236
ENERGY:     460    357851.2470    279536.0912     81994.9420      5148.7393       -4508980.6415    385088.2594         0.0000         0.0000    949318.3294       -2450043.0332       298.5850  -3399361.3626  -2441370.1695       298.5519           1377.5178       119.7163  10195543.8207        -0.1415        -0.2455

TIMING: 480  CPU: 41.2003, 0.0830446/step  Wall: 41.2114, 0.0830562/step, 0.000461423 hours remaining, 0.062395 MB of memory in use.
PERFORMANCE: 480  averaging 1.01224 ns/day, 0.085355 sec/step with standard deviation 0.00263026
ENERGY:     480    357680.1047    279619.7873     81936.7998      4995.3213       -4510726.5222    386041.5334         0.0000         0.0000    949515.7585       -2450937.2172       298.6471  -3400452.9757  -2442229.5606       298.5963           1406.2933       151.5017  10192751.5060       -11.9461       -13.8626

Info: Benchmark time: 64 CPUs 0.082914 s/step 0.959653 days/ns 0.0623951 MB memory
TIMING: 500  CPU: 42.8495, 0.0824597/step  Wall: 42.8609, 0.0824779/step, 0 hours remaining, 0.062395 MB of memory in use.
PERFORMANCE: 500  averaging 1.01361 ns/day, 0.0852399 sec/step with standard deviation 0.00263839
ENERGY:     500    358073.3190    279199.7121     81879.7383      5112.0265       -4508510.6455    384308.5097         0.0000         0.0000    948719.7803       -2451217.5595       298.3968  -3399937.3399  -2442529.4719       298.5563           1292.7282        61.3103  10195900.3565        -3.0922        -3.4997

WRITING EXTENDED SYSTEM TO OUTPUT FILE AT STEP 500
WRITING COORDINATES TO OUTPUT FILE AT STEP 500
The last position output (seq=-2) takes 0.101 seconds, 0.062 MB of memory in use
WRITING VELOCITIES TO OUTPUT FILE AT STEP 500
The last velocity output (seq=-2) takes 0.093 seconds, 0.062 MB of memory in use
====================================================

WallClock: 51.903267  CPUTime: 51.703178  Memory: 0.062395 MB
[Partition 0][Node 0] End of program